0 info it worked if it ends with ok
1 verbose cli [ 'C:\\Program Files\\nodejs\\node.exe',
1 verbose cli   'C:\\Program Files\\nodejs\\node_modules\\npm\\bin\\npm-cli.js',
1 verbose cli   'version',
1 verbose cli   'patch' ]
2 info using npm@2.14.12
3 info using node@v4.2.6
4 info git [ 'status', '--porcelain' ]
5 verbose stack Error: Git working directory not clean.
5 verbose stack D android-chrome-192x192.png
5 verbose stack D android-chrome-384x384.png
5 verbose stack D apple-touch-icon.png
5 verbose stack D dist/images/hero-1.png
5 verbose stack D dist/images/hero-img.png
5 verbose stack D dist/images/hero-img2.png
5 verbose stack D favicon-16x16.png
5 verbose stack D favicon-32x32.png
5 verbose stack D favicon.ico
5 verbose stack M gulpfile.js
5 verbose stack M index.html
5 verbose stack D manifest.json
5 verbose stack D mstile-150x150.png
5 verbose stack M package.json
5 verbose stack D safari-pinned-tab.svg
5 verbose stack D src/images/hero-1.png
5 verbose stack D src/images/hero-img.png
5 verbose stack D src/images/hero-img2.png
5 verbose stack D src/js/main.js
5 verbose stack     at C:\Users\Austin\AppData\Roaming\nvm\v4.2.6\node_modules\npm\lib\version.js:171:21
5 verbose stack     at ChildProcess.exithandler (child_process.js:204:7)
5 verbose stack     at emitTwo (events.js:87:13)
5 verbose stack     at ChildProcess.emit (events.js:172:7)
5 verbose stack     at maybeClose (internal/child_process.js:821:16)
5 verbose stack     at Process.ChildProcess._handle.onexit (internal/child_process.js:211:5)
6 verbose cwd C:\Users\Austin\Documents\carbon-grid
7 error Windows_NT 10.0.14393
8 error argv "C:\\Program Files\\nodejs\\node.exe" "C:\\Program Files\\nodejs\\node_modules\\npm\\bin\\npm-cli.js" "version" "patch"
9 error node v4.2.6
10 error npm  v2.14.12
11 error Git working directory not clean.
11 error D android-chrome-192x192.png
11 error D android-chrome-384x384.png
11 error D apple-touch-icon.png
11 error D dist/images/hero-1.png
11 error D dist/images/hero-img.png
11 error D dist/images/hero-img2.png
11 error D favicon-16x16.png
11 error D favicon-32x32.png
11 error D favicon.ico
11 error M gulpfile.js
11 error M index.html
11 error D manifest.json
11 error D mstile-150x150.png
11 error M package.json
11 error D safari-pinned-tab.svg
11 error D src/images/hero-1.png
11 error D src/images/hero-img.png
11 error D src/images/hero-img2.png
11 error D src/js/main.js
12 error If you need help, you may report this error at:
12 error     <https://github.com/npm/npm/issues>
13 verbose exit [ 1, true ]
